C51 COMPILER V9.00   DS1302                                                                01/05/2016 11:22:10 PAGE 1   


C51 COMPILER V9.00, COMPILATION OF MODULE DS1302
OBJECT MODULE PLACED IN ds1302.OBJ
COMPILER INVOKED BY: D:\Keil\C51\BIN\C51.EXE ds1302.c BROWSE DEBUG OBJECTEXTEND

line level    source

   1          #include "ds1302.h"
   2          
   3          //1302驱动程序
   4          void clock_out(unsigned char dd)
   5          {
   6   1              ACC=dd;
   7   1              clock_dat=a0; clock_clk=1; clock_clk=0;
   8   1              clock_dat=a1; clock_clk=1; clock_clk=0;
   9   1              clock_dat=a2; clock_clk=1; clock_clk=0;
  10   1              clock_dat=a3; clock_clk=1; clock_clk=0;
  11   1              clock_dat=a4; clock_clk=1; clock_clk=0;
  12   1              clock_dat=a5; clock_clk=1; clock_clk=0;
  13   1              clock_dat=a6; clock_clk=1; clock_clk=0;
  14   1              clock_dat=a7; clock_clk=1; clock_clk=0;
  15   1      }
  16          
  17          /******************************************************************************/
  18          unsigned char clock_in(void)
  19          {
  20   1              clock_dat=1;
  21   1              a0=clock_dat;
  22   1              clock_clk=1; clock_clk=0; a1=clock_dat;
  23   1              clock_clk=1; clock_clk=0; a2=clock_dat;
  24   1              clock_clk=1; clock_clk=0; a3=clock_dat;
  25   1              clock_clk=1; clock_clk=0; a4=clock_dat;
  26   1              clock_clk=1; clock_clk=0; a5=clock_dat;
  27   1              clock_clk=1; clock_clk=0; a6=clock_dat;
  28   1              clock_clk=1; clock_clk=0; a7=clock_dat;
  29   1              return(ACC);
  30   1      }
  31          
  32          /******************************************************************************/
  33          unsigned char read_clock(unsigned char ord)
  34          {
  35   1              unsigned char dd=0;
  36   1              clock_clk=0;
  37   1              clock_Rst=0;
  38   1              clock_Rst=1;
  39   1              clock_out(ord);
  40   1              dd=clock_in();
  41   1              clock_Rst=0;
  42   1              clock_clk=1;
  43   1              return(dd);
  44   1      }
  45          
  46          /******************************************************************************/
  47          void write_clock(unsigned char ord, unsigned char dd)
  48          {
  49   1              clock_clk=0;
  50   1              clock_Rst=0;
  51   1              clock_Rst=1;
  52   1              clock_out(ord);
  53   1              clock_out(dd);
  54   1              clock_Rst=0;
  55   1              clock_clk=1;
C51 COMPILER V9.00   DS1302                                                                01/05/2016 11:22:10 PAGE 2   

  56   1      }
  57          
  58          /******************************************************************************/
  59          void Set_time(unsigned char sel, bit sel_1) //根据选择调整相应项目并写入DS1302
  60          {
  61   1        signed char address,item;
  62   1        signed char max,mini;
  63   1      
  64   1      
  65   1        if(sel==2)  {address=0x84; max=23;mini=0;}    //小时
  66   1        if(sel==3)  {address=0x82; max=59;mini=0;}    //分钟
  67   1      
  68   1        //读取1302某地址上的数值转换成10进制赋给item 
  69   1        item=((read_clock(address+1))/16)*10 + (read_clock(address+1))%16;
  70   1        if(sel_1==0) 
  71   1              item++;  
  72   1        else
  73   1              item--;
  74   1        if(item>max) item=mini;   
  75   1        if(item<mini) item=max;
  76   1                 
  77   1        write_clock(0x8e,0x00);//允许写操作
  78   1        write_clock(address,(item/10)*16+item%10);//转换成16进制写入1302
  79   1              write_clock(0x80,0x00);//秒清0
  80   1        write_clock(0x8e,0x80);//写保护，禁止写操作  
  81   1      }
  82          
  83          /******************************************************************************/
  84          
  85          /******************************************************************************/
  86          void Delaynms(unsigned int di) //延时
  87          {
  88   1              unsigned int da,db;
  89   1              for(da=0;da<di;da++)
  90   1                      for(db=0;db<10;db++);
  91   1      }
  92          
  93          /******************************************************************************/
  94          void Delay(int num)//延时函数
  95          {
  96   1              while(num--) ;
  97   1      }
  98                  
  99          /******************************************************************************/
 100          
 101          /******************************************************************************/
 102          void Init_1302(void)//设置1302的初始时间
 103          {
 104   1              write_clock(0x8e,0x00);//允许写操作
 105   1              write_clock(0x8c,0x14);//年
 106   1              write_clock(0x8a,0x06);//星期
 107   1              write_clock(0x88,0x04);//月
 108   1              write_clock(0x86,0x05);//日
 109   1              write_clock(0x84,0x11);//小时
 110   1              write_clock(0x82,0x59);//分钟
 111   1              write_clock(0x80,0x55);//秒
 112   1              
 113   1              //设置闹钟初始时间为7：00    整点报时时段为8点至22点
 114   1              write_clock(0xc2,0x07);//闹钟时
 115   1              write_clock(0xc4,0x00);//闹钟分
 116   1              write_clock(0xc6,0x08);//整点开始
 117   1              write_clock(0xc8,0x22);//整点结束
C51 COMPILER V9.00   DS1302                                                                01/05/2016 11:22:10 PAGE 3   

 118   1              
 119   1              
 120   1              write_clock(0x90,0xa5);//充电   
 121   1              write_clock(0x8e,0x80);//禁止写操作
 122   1      }
 123          
 124          /******************************************************************************/
 125          /******************************************************************************/
 126          //void Bell(void)//Beep输出函数
 127          //{
 128          //      Bell_Out = 0;
 129          //      Delaynms(3000);//150ms
 130          //      Bell_Out = 1;
 131          //      Delaynms(1000);//50ms
 132          //      Bell_Out = 0;
 133          //      Delaynms(5000);//250ms
 134          //      Bell_Out = 1;
 135          //      Delaynms(8000);//400ms
 136          //}
 137          
 138          
 139          
 140          
 141          
 142          


MODULE INFORMATION:   STATIC OVERLAYABLE
   CODE SIZE        =    430    ----
   CONSTANT SIZE    =   ----    ----
   XDATA SIZE       =   ----    ----
   PDATA SIZE       =   ----    ----
   DATA SIZE        =   ----    ----
   IDATA SIZE       =   ----    ----
   BIT SIZE         =   ----       1
END OF MODULE INFORMATION.


C51 COMPILATION COMPLETE.  0 WARNING(S),  0 ERROR(S)
